<?xml version="1.0" encoding="UTF-8"?>
<!-- Generated by org.testng.reporters.JUnitReportReporter -->
<testsuite hostname="DESKTOP-N46G1GJ" failures="0" tests="1" name="com.backend.crudwithbdd.PATCHTest" time="2.072" errors="0" timestamp="2025-01-21T15:03:12 IST" skipped="0">
  <testcase classname="com.backend.crudwithbdd.PATCHTest" name="patchDataToServer" time="2.072"/>
</testsuite> <!-- com.backend.crudwithbdd.PATCHTest -->
