<?xml version="1.0" encoding="UTF-8"?>
<!-- Generated by org.testng.reporters.JUnitReportReporter -->
<testsuite hostname="DESKTOP-N46G1GJ" failures="0" tests="20" name="com.backend.datadriventesting.RequestByDataProviderWithExcelUtility" time="2.425" errors="0" timestamp="2025-01-24T13:56:35 IST" skipped="0">
  <testcase classname="com.backend.datadriventesting.RequestByDataProviderWithExcelUtility" name="datadriver" time="0.149"/>
  <testcase classname="com.backend.datadriventesting.RequestByDataProviderWithExcelUtility" name="datadriver" time="1.526"/>
  <testcase classname="com.backend.datadriventesting.RequestByDataProviderWithExcelUtility" name="datadriver" time="0.034"/>
  <testcase classname="com.backend.datadriventesting.RequestByDataProviderWithExcelUtility" name="datadriver" time="0.039"/>
  <testcase classname="com.backend.datadriventesting.RequestByDataProviderWithExcelUtility" name="datadriver" time="0.056"/>
  <testcase classname="com.backend.datadriventesting.RequestByDataProviderWithExcelUtility" name="datadriver" time="0.035"/>
  <testcase classname="com.backend.datadriventesting.RequestByDataProviderWithExcelUtility" name="datadriver" time="0.053"/>
  <testcase classname="com.backend.datadriventesting.RequestByDataProviderWithExcelUtility" name="datadriver" time="0.031"/>
  <testcase classname="com.backend.datadriventesting.RequestByDataProviderWithExcelUtility" name="datadriver" time="0.034"/>
  <testcase classname="com.backend.datadriventesting.RequestByDataProviderWithExcelUtility" name="datadriver" time="0.028"/>
  <testcase classname="com.backend.datadriventesting.RequestByDataProviderWithExcelUtility" name="datadriver" time="0.071"/>
  <testcase classname="com.backend.datadriventesting.RequestByDataProviderWithExcelUtility" name="datadriver" time="0.076"/>
  <testcase classname="com.backend.datadriventesting.RequestByDataProviderWithExcelUtility" name="datadriver" time="0.030"/>
  <testcase classname="com.backend.datadriventesting.RequestByDataProviderWithExcelUtility" name="datadriver" time="0.042"/>
  <testcase classname="com.backend.datadriventesting.RequestByDataProviderWithExcelUtility" name="datadriver" time="0.029"/>
  <testcase classname="com.backend.datadriventesting.RequestByDataProviderWithExcelUtility" name="datadriver" time="0.029"/>
  <testcase classname="com.backend.datadriventesting.RequestByDataProviderWithExcelUtility" name="datadriver" time="0.028"/>
  <testcase classname="com.backend.datadriventesting.RequestByDataProviderWithExcelUtility" name="datadriver" time="0.031"/>
  <testcase classname="com.backend.datadriventesting.RequestByDataProviderWithExcelUtility" name="datadriver" time="0.067"/>
  <testcase classname="com.backend.datadriventesting.RequestByDataProviderWithExcelUtility" name="datadriver" time="0.037"/>
</testsuite> <!-- com.backend.datadriventesting.RequestByDataProviderWithExcelUtility -->
