<?xml version="1.0" encoding="UTF-8"?>
<!-- Generated by org.testng.reporters.JUnitReportReporter -->
<testsuite hostname="DESKTOP-N46G1GJ" failures="0" tests="1" name="com.backend.assertion.VerifyResponseTimeTest" time="3.495" errors="0" timestamp="2025-01-22T17:38:02 IST" skipped="0">
  <testcase classname="com.backend.assertion.VerifyResponseTimeTest" name="responseTime" time="3.495"/>
</testsuite> <!-- com.backend.assertion.VerifyResponseTimeTest -->
