<?xml version="1.0" encoding="UTF-8"?>
<!-- Generated by org.testng.reporters.JUnitReportReporter -->
<testsuite hostname="DESKTOP-N46G1GJ" failures="0" tests="1" name="com.backend.crudwithoutbdd.PUTTest" time="2.243" errors="0" timestamp="2025-01-21T13:30:03 IST" skipped="0">
  <testcase classname="com.backend.crudwithoutbdd.PUTTest" name="putDataToServer" time="2.243"/>
</testsuite> <!-- com.backend.crudwithoutbdd.PUTTest -->
