<?xml version="1.0" encoding="UTF-8"?>
<!-- Generated by org.testng.reporters.JUnitReportReporter -->
<testsuite hostname="DESKTOP-N46G1GJ" failures="0" tests="1" name="com.backend.requestchaining.PostAndDeleteChainingTest" time="3.182" errors="0" timestamp="2025-01-23T14:43:24 IST" skipped="0">
  <testcase classname="com.backend.requestchaining.PostAndDeleteChainingTest" name="postanddelete" time="3.182"/>
</testsuite> <!-- com.backend.requestchaining.PostAndDeleteChainingTest -->
