<?xml version="1.0" encoding="UTF-8"?>
<!-- Generated by org.testng.reporters.JUnitReportReporter -->
<testsuite hostname="DESKTOP-N46G1GJ" failures="0" tests="1" name="com.backend.assertion.VerifyResponseHeader" time="3.226" errors="0" timestamp="2025-01-22T17:18:19 IST" skipped="0">
  <testcase classname="com.backend.assertion.VerifyResponseHeader" name="responseHeader" time="3.226"/>
</testsuite> <!-- com.backend.assertion.VerifyResponseHeader -->
