<?xml version="1.0" encoding="UTF-8"?>
<!-- Generated by org.testng.reporters.JUnitReportReporter -->
<testsuite hostname="DESKTOP-N46G1GJ" failures="0" tests="1" name="com.backend.authentication.BasicAuth" time="3.006" errors="0" timestamp="2025-01-24T11:16:15 IST" skipped="0">
  <testcase classname="com.backend.authentication.BasicAuth" name="basicAuthentication" time="3.006"/>
</testsuite> <!-- com.backend.authentication.BasicAuth -->
