<?xml version="1.0" encoding="UTF-8"?>
<!-- Generated by org.testng.reporters.JUnitReportReporter -->
<testsuite hostname="DESKTOP-N46G1GJ" failures="0" tests="1" name="com.backend.complexpostrequest.POSTRequestUsingJSONObject" time="2.749" errors="0" timestamp="2025-01-22T15:53:19 IST" skipped="0">
  <testcase classname="com.backend.complexpostrequest.POSTRequestUsingJSONObject" name="postJsonObject" time="2.749"/>
</testsuite> <!-- com.backend.complexpostrequest.POSTRequestUsingJSONObject -->
