<?xml version="1.0" encoding="UTF-8"?>
<!-- Generated by org.testng.reporters.JUnitReportReporter -->
<testsuite hostname="DESKTOP-N46G1GJ" failures="0" tests="1" name="com.backend.practice.StaticImportRun" time="0.053" errors="0" timestamp="2025-01-20T15:55:43 IST" skipped="0">
  <testcase classname="com.backend.practice.StaticImportRun" name="run" time="0.053"/>
</testsuite> <!-- com.backend.practice.StaticImportRun -->
