<?xml version="1.0" encoding="UTF-8"?>
<!-- Generated by org.testng.reporters.JUnitReportReporter -->
<testsuite hostname="DESKTOP-N46G1GJ" failures="0" tests="1" name="com.backend.crudwithoutbdd.PATCHTest" time="1.704" errors="0" timestamp="2025-01-21T13:31:28 IST" skipped="0">
  <testcase classname="com.backend.crudwithoutbdd.PATCHTest" name="patchDataToServer" time="1.704"/>
</testsuite> <!-- com.backend.crudwithoutbdd.PATCHTest -->
