<?xml version="1.0" encoding="UTF-8"?>
<!-- Generated by org.testng.reporters.JUnitReportReporter -->
<testsuite hostname="DESKTOP-N46G1GJ" failures="0" tests="1" name="com.backend.authentication.BearerTokenAuth" time="3.672" errors="0" timestamp="2025-01-24T11:26:57 IST" skipped="0">
  <testcase classname="com.backend.authentication.BearerTokenAuth" name="preemptiveAuthentication" time="3.672"/>
</testsuite> <!-- com.backend.authentication.BearerTokenAuth -->
