<?xml version="1.0" encoding="UTF-8"?>
<!-- Generated by org.testng.reporters.JUnitReportReporter -->
<testsuite hostname="DESKTOP-N46G1GJ" failures="0" tests="1" name="com.backend.crudwithoutbdd.DELETETest" time="2.610" errors="0" timestamp="2025-01-21T14:36:31 IST" skipped="0">
  <testcase classname="com.backend.crudwithoutbdd.DELETETest" name="deleteDataFromServer" time="2.610"/>
</testsuite> <!-- com.backend.crudwithoutbdd.DELETETest -->
