<?xml version="1.0" encoding="UTF-8"?>
<!-- Generated by org.testng.reporters.JUnitReportReporter -->
<testsuite hostname="DESKTOP-N46G1GJ" failures="0" tests="1" name="com.backend.crudwithbdd.POSTTest" time="2.151" errors="0" timestamp="2025-01-21T14:55:59 IST" skipped="0">
  <testcase classname="com.backend.crudwithbdd.POSTTest" name="postDataToServer" time="2.151"/>
</testsuite> <!-- com.backend.crudwithbdd.POSTTest -->
