<?xml version="1.0" encoding="UTF-8"?>
<!-- Generated by org.testng.reporters.JUnitReportReporter -->
<testsuite hostname="DESKTOP-N46G1GJ" failures="0" tests="1" name="com.backend.testing.MethodChainingTest" time="3.297" errors="0" timestamp="2025-01-20T13:33:20 IST" skipped="0">
  <testcase classname="com.backend.testing.MethodChainingTest" name="getTest" time="3.297"/>
</testsuite> <!-- com.backend.testing.MethodChainingTest -->
