<?xml version="1.0" encoding="UTF-8"?>
<!-- Generated by org.testng.reporters.JUnitReportReporter -->
<testsuite hostname="DESKTOP-N46G1GJ" failures="0" tests="1" name="com.backend.authentication.PreEmptiveAuth" time="2.046" errors="0" timestamp="2025-01-24T11:20:59 IST" skipped="0">
  <testcase classname="com.backend.authentication.PreEmptiveAuth" name="preemptiveAuthentication" time="2.046"/>
</testsuite> <!-- com.backend.authentication.PreEmptiveAuth -->
