<?xml version="1.0" encoding="UTF-8"?>
<!-- Generated by org.testng.reporters.JUnitReportReporter -->
<testsuite hostname="DESKTOP-N46G1GJ" failures="0" tests="1" name="com.backend.crudwithoutbdd.GETTest" time="8.909" errors="0" timestamp="2025-01-21T12:23:57 IST" skipped="0">
  <testcase classname="com.backend.crudwithoutbdd.GETTest" name="getDataFromServer" time="8.909"/>
</testsuite> <!-- com.backend.crudwithoutbdd.GETTest -->
