<?xml version="1.0" encoding="UTF-8"?>
<!-- Generated by org.testng.reporters.JUnitReportReporter -->
<testsuite hostname="DESKTOP-N46G1GJ" failures="0" tests="1" name="com.backend.crudwithbdd.PUTTest" time="2.010" errors="0" timestamp="2025-01-21T15:00:45 IST" skipped="0">
  <testcase classname="com.backend.crudwithbdd.PUTTest" name="putDataToServer" time="2.010"/>
</testsuite> <!-- com.backend.crudwithbdd.PUTTest -->
