<?xml version="1.0" encoding="UTF-8"?>
<!-- Generated by org.testng.reporters.JUnitReportReporter -->
<testsuite hostname="DESKTOP-N46G1GJ" failures="0" tests="1" name="com.backend.assertion.ComplexJsonPath" time="2.471" errors="0" timestamp="2025-01-23T13:07:40 IST" skipped="0">
  <testcase classname="com.backend.assertion.ComplexJsonPath" name="jsonPath" time="2.471"/>
</testsuite> <!-- com.backend.assertion.ComplexJsonPath -->
