<?xml version="1.0" encoding="UTF-8"?>
<!-- Generated by org.testng.reporters.JUnitReportReporter -->
<testsuite hostname="DESKTOP-N46G1GJ" failures="0" tests="1" name="com.backend.crudwithoutbdd.POSTTest" time="1.880" errors="0" timestamp="2025-01-21T12:52:07 IST" skipped="0">
  <testcase classname="com.backend.crudwithoutbdd.POSTTest" name="getDataFromServer" time="1.880"/>
</testsuite> <!-- com.backend.crudwithoutbdd.POSTTest -->
