<?xml version="1.0" encoding="UTF-8"?>
<!-- Generated by org.testng.reporters.JUnitReportReporter -->
<testsuite hostname="DESKTOP-N46G1GJ" failures="0" tests="1" name="com.backend.crudwithbdd.DELETETest" time="1.943" errors="0" timestamp="2025-01-21T15:05:44 IST" skipped="0">
  <testcase classname="com.backend.crudwithbdd.DELETETest" name="deleteDataFromServer" time="1.943"/>
</testsuite> <!-- com.backend.crudwithbdd.DELETETest -->
