<?xml version="1.0" encoding="UTF-8"?>
<!-- Generated by org.testng.reporters.JUnitReportReporter -->
<testsuite hostname="DESKTOP-B3A25MM" failures="0" tests="1" name="com.backend.miscellaneous.CookiesTest" time="3.683" errors="0" timestamp="2025-01-28T11:00:22 IST" skipped="0">
  <testcase classname="com.backend.miscellaneous.CookiesTest" name="cookies" time="3.683"/>
</testsuite> <!-- com.backend.miscellaneous.CookiesTest -->
