<?xml version="1.0" encoding="UTF-8"?>
<!-- Generated by org.testng.reporters.JUnitReportReporter -->
<testsuite hostname="DESKTOP-B3A25MM" failures="0" tests="1" name="com.backend.crudwithbdd.POSTTest" time="3.748" errors="0" timestamp="2025-01-30T10:04:12 IST" skipped="0">
  <testcase classname="com.backend.crudwithbdd.POSTTest" name="postDataToServer" time="3.748"/>
</testsuite> <!-- com.backend.crudwithbdd.POSTTest -->
