<?xml version="1.0" encoding="UTF-8"?>
<!-- Generated by org.testng.reporters.JUnitReportReporter -->
<testsuite hostname="DESKTOP-B3A25MM" failures="0" tests="1" name="com.backend.graphql.Ninza_HRM_GetEmployeeByProjectID" time="3.872" errors="0" timestamp="2025-01-28T10:14:59 IST" skipped="0">
  <testcase classname="com.backend.graphql.Ninza_HRM_GetEmployeeByProjectID" name="getAll" time="3.872"/>
</testsuite> <!-- com.backend.graphql.Ninza_HRM_GetEmployeeByProjectID -->
