<?xml version="1.0" encoding="UTF-8"?>
<!-- Generated by org.testng.reporters.JUnitReportReporter -->
<testsuite hostname="DESKTOP-N46G1GJ" failures="0" tests="1" name="com.backend.complexpostrequest.POSTRequestUsingJsonFile" time="2.040" errors="0" timestamp="2025-01-22T15:57:46 IST" skipped="0">
  <testcase classname="com.backend.complexpostrequest.POSTRequestUsingJsonFile" name="postJsonObject" time="2.040"/>
</testsuite> <!-- com.backend.complexpostrequest.POSTRequestUsingJsonFile -->
