<?xml version="1.0" encoding="UTF-8"?>
<!-- Generated by org.testng.reporters.JUnitReportReporter -->
<testsuite hostname="DESKTOP-N46G1GJ" failures="0" tests="1" name="com.backend.assertion.DataExtractionUsingJsonPath" time="3.464" errors="0" timestamp="2025-01-23T12:22:34 IST" skipped="0">
  <testcase classname="com.backend.assertion.DataExtractionUsingJsonPath" name="jsonPathData" time="3.464"/>
</testsuite> <!-- com.backend.assertion.DataExtractionUsingJsonPath -->
