<?xml version="1.0" encoding="UTF-8"?>
<!-- Generated by org.testng.reporters.JUnitReportReporter -->
<testsuite hostname="DESKTOP-B3A25MM" failures="0" tests="1" name="com.backend.mocking.PaymentTest" time="2.402" errors="0" timestamp="2025-01-27T12:59:05 IST" skipped="0">
  <testcase classname="com.backend.mocking.PaymentTest" name="creditCard" time="2.402"/>
</testsuite> <!-- com.backend.mocking.PaymentTest -->
