<?xml version="1.0" encoding="UTF-8"?>
<!-- Generated by org.testng.reporters.JUnitReportReporter -->
<testsuite hostname="DESKTOP-N46G1GJ" failures="0" tests="1" name="com.backend.complexpostrequest.POSTRequestUsingHashMap" time="2.355" errors="0" timestamp="2025-01-22T15:53:45 IST" skipped="0">
  <testcase classname="com.backend.complexpostrequest.POSTRequestUsingHashMap" name="postJsonObject" time="2.355"/>
</testsuite> <!-- com.backend.complexpostrequest.POSTRequestUsingHashMap -->
