<?xml version="1.0" encoding="UTF-8"?>
<!-- Generated by org.testng.reporters.JUnitReportReporter -->
<testsuite hostname="DESKTOP-N46G1GJ" failures="0" tests="1" name="com.backend.authentication.DigestAuth" time="2.176" errors="0" timestamp="2025-01-24T11:18:30 IST" skipped="0">
  <testcase classname="com.backend.authentication.DigestAuth" name="basicAuthentication" time="2.176"/>
</testsuite> <!-- com.backend.authentication.DigestAuth -->
