<?xml version="1.0" encoding="UTF-8"?>
<!-- Generated by org.testng.reporters.JUnitReportReporter -->
<testsuite hostname="DESKTOP-N46G1GJ" failures="0" tests="2" name="com.backend.datadriventesting.RequestByDataProvider" time="2.518" errors="0" timestamp="2025-01-24T13:21:05 IST" skipped="0">
  <testcase classname="com.backend.datadriventesting.RequestByDataProvider" name="datadriver" time="0.056"/>
  <testcase classname="com.backend.datadriventesting.RequestByDataProvider" name="datadriver" time="2.462"/>
</testsuite> <!-- com.backend.datadriventesting.RequestByDataProvider -->
