<?xml version="1.0" encoding="UTF-8"?>
<!-- Generated by org.testng.reporters.JUnitReportReporter -->
<testsuite hostname="DESKTOP-N46G1GJ" failures="0" tests="1" name="com.backend.practice.MethodChainingNonStaticRun" time="0.011" errors="0" timestamp="2025-01-20T13:12:19 IST" skipped="0">
  <testcase classname="com.backend.practice.MethodChainingNonStaticRun" name="run" time="0.011"/>
</testsuite> <!-- com.backend.practice.MethodChainingNonStaticRun -->
