<?xml version="1.0" encoding="UTF-8"?>
<!-- Generated by org.testng.reporters.JUnitReportReporter -->
<testsuite hostname="DESKTOP-N46G1GJ" failures="0" tests="1" name="com.backend.complexpostrequest.POSTRequestUsingPOJOClass" time="2.401" errors="0" timestamp="2025-01-22T16:06:18 IST" skipped="0">
  <testcase classname="com.backend.complexpostrequest.POSTRequestUsingPOJOClass" name="postJsonObject" time="2.401"/>
</testsuite> <!-- com.backend.complexpostrequest.POSTRequestUsingPOJOClass -->
