<?xml version="1.0" encoding="UTF-8"?>
<!-- Generated by org.testng.reporters.JUnitReportReporter -->
<testsuite hostname="DESKTOP-N46G1GJ" failures="0" tests="1" name="com.backend.requestchaining.PayrollChainingTest" time="6.310" errors="0" timestamp="2025-01-23T15:59:16 IST" skipped="0">
  <testcase classname="com.backend.requestchaining.PayrollChainingTest" name="payroll" time="6.310"/>
</testsuite> <!-- com.backend.requestchaining.PayrollChainingTest -->
