<?xml version="1.0" encoding="UTF-8"?>
<!-- Generated by org.testng.reporters.JUnitReportReporter -->
<testsuite hostname="DESKTOP-N46G1GJ" failures="0" tests="1" name="com.backend.crudwithbdd.GETTest" time="4.458" errors="0" timestamp="2025-01-21T14:46:42 IST" skipped="0">
  <testcase classname="com.backend.crudwithbdd.GETTest" name="getDataFromServer" time="4.458"/>
</testsuite> <!-- com.backend.crudwithbdd.GETTest -->
