<?xml version="1.0" encoding="UTF-8"?>
<!-- Generated by org.testng.reporters.JUnitReportReporter -->
<testsuite hostname="DESKTOP-N46G1GJ" failures="0" tests="1" name="com.backend.encryption.EncodedAndDecoded" time="0.012" errors="0" timestamp="2025-01-24T17:07:16 IST" skipped="0">
  <testcase classname="com.backend.encryption.EncodedAndDecoded" name="encodeanddecode" time="0.012"/>
</testsuite> <!-- com.backend.encryption.EncodedAndDecoded -->
