<?xml version="1.0" encoding="UTF-8"?>
<!-- Generated by org.testng.reporters.JUnitReportReporter -->
<testsuite hostname="DESKTOP-N46G1GJ" failures="0" tests="1" name="com.backend.assertion.VerifyResponseBodyTest" time="3.704" errors="0" timestamp="2025-01-23T12:04:30 IST" skipped="0">
  <testcase classname="com.backend.assertion.VerifyResponseBodyTest" name="responseBody" time="3.704"/>
</testsuite> <!-- com.backend.assertion.VerifyResponseBodyTest -->
