<?xml version="1.0" encoding="UTF-8"?>
<!-- Generated by org.testng.reporters.JUnitReportReporter -->
<testsuite hostname="DESKTOP-N46G1GJ" failures="0" tests="1" name="com.backend.testing.SampleGetTest" time="2.214" errors="0" timestamp="2025-01-21T17:55:03 IST" skipped="0">
  <testcase classname="com.backend.testing.SampleGetTest" name="getMethod" time="2.214"/>
</testsuite> <!-- com.backend.testing.SampleGetTest -->
