<?xml version="1.0" encoding="UTF-8"?>
<!-- Generated by org.testng.reporters.JUnitReportReporter -->
<testsuite hostname="DESKTOP-B3A25MM" failures="0" tests="1" name="com.backend.automationexercise.POSTToVerifyLoginWithValidDetails" time="4.309" errors="0" timestamp="2025-02-24T13:32:52 IST" skipped="0">
  <testcase classname="com.backend.automationexercise.POSTToVerifyLoginWithValidDetails" name="verifyLogin" time="4.309"/>
</testsuite> <!-- com.backend.automationexercise.POSTToVerifyLoginWithValidDetails -->
