<?xml version="1.0" encoding="UTF-8"?>
<!-- Generated by org.testng.reporters.JUnitReportReporter -->
<testsuite hostname="DESKTOP-N46G1GJ" failures="0" tests="1" name="com.backend.requestchaining.ProjectAndEmployeeChainingTest" time="3.348" errors="0" timestamp="2025-01-23T15:35:35 IST" skipped="0">
  <testcase classname="com.backend.requestchaining.ProjectAndEmployeeChainingTest" name="projectandemployee" time="3.348"/>
</testsuite> <!-- com.backend.requestchaining.ProjectAndEmployeeChainingTest -->
