<?xml version="1.0" encoding="UTF-8"?>
<!-- Generated by org.testng.reporters.JUnitReportReporter -->
<testsuite hostname="DESKTOP-B3A25MM" failures="0" tests="1" name="com.backend.graphql.Ninza_HRM_GetAll" time="3.870" errors="0" timestamp="2025-01-28T10:04:11 IST" skipped="0">
  <testcase classname="com.backend.graphql.Ninza_HRM_GetAll" name="getAll" time="3.870"/>
</testsuite> <!-- com.backend.graphql.Ninza_HRM_GetAll -->
