<?xml version="1.0" encoding="UTF-8"?>
<!-- Generated by org.testng.reporters.JUnitReportReporter -->
<testsuite hostname="DESKTOP-B3A25MM" failures="0" tests="1" name="com.backend.wiremock.WireMockTest" time="3.421" errors="0" timestamp="2025-02-12T12:45:05 IST" skipped="0">
  <testcase classname="com.backend.wiremock.WireMockTest" name="wiremock" time="3.421"/>
</testsuite> <!-- com.backend.wiremock.WireMockTest -->
